[15140] 04 May 22:27:27.511 # Warning: no config file specified, using the default config. In order to specify a config file use /usr/local/bin/redis-server /path/to/redis.conf
[15140] 04 May 22:27:27.511 * Max number of open files set to 10032
[15140] 04 May 22:27:27.512 # Warning: 32 bit instance detected but no memory limit set. Setting 3 GB maxmemory limit with 'noeviction' policy now.
                _._                                                  
           _.-``__ ''-._                                             
      _.-``    `.  `_.  ''-._           Redis 2.8.3 (00000000/0) 32 bit
  .-`` .-```.  ```\/    _.,_ ''-._                                   
 (    '      ,       .-`  | `,    )     Running in stand alone mode
 |`-._`-...-` __...-.``-._|'` _.-'|     Port: 6379
 |    `-._   `._    /     _.-'    |     PID: 15140
  `-._    `-._  `-./  _.-'    _.-'                                   
 |`-._`-._    `-.__.-'    _.-'_.-'|                                  
 |    `-._`-._        _.-'_.-'    |           http://redis.io        
  `-._    `-._`-.__.-'_.-'    _.-'                                   
 |`-._`-._    `-.__.-'    _.-'_.-'|                                  
 |    `-._`-._        _.-'_.-'    |                                  
  `-._    `-._`-.__.-'_.-'    _.-'                                   
      `-._    `-.__.-'    _.-'                                       
          `-._        _.-'                                           
              `-.__.-'                                               

[15140] 04 May 22:27:27.512 # Server started, Redis version 2.8.3
[15140] 04 May 22:27:27.512 # WARNING overcommit_memory is set to 0! Background save may fail under low memory condition. To fix this issue add 'vm.overcommit_memory = 1' to /etc/sysctl.conf and then reboot or run the command 'sysctl vm.overcommit_memory=1' for this to take effect.
[15140] 04 May 22:27:27.512 * The server is now ready to accept connections on port 6379
[15140] 04 May 23:27:28.020 * 1 changes in 3600 seconds. Saving...
[15140] 04 May 23:27:28.020 * Background saving started by pid 15397
[15397] 04 May 23:27:28.023 * DB saved on disk
[15397] 04 May 23:27:28.024 * RDB: 0 MB of memory used by copy-on-write
[15140] 04 May 23:27:28.120 * Background saving terminated with success
[15140] 05 May 00:27:29.035 * 1 changes in 3600 seconds. Saving...
[15140] 05 May 00:27:29.035 * Background saving started by pid 15447
[15447] 05 May 00:27:29.038 * DB saved on disk
[15447] 05 May 00:27:29.039 * RDB: 0 MB of memory used by copy-on-write
[15140] 05 May 00:27:29.136 * Background saving terminated with success
[15140] 05 May 01:27:30.080 * 1 changes in 3600 seconds. Saving...
[15140] 05 May 01:27:30.080 * Background saving started by pid 15493
[15493] 05 May 01:27:30.086 * DB saved on disk
[15493] 05 May 01:27:30.086 * RDB: 0 MB of memory used by copy-on-write
[15140] 05 May 01:27:30.180 * Background saving terminated with success
[15140] 05 May 02:27:31.046 * 1 changes in 3600 seconds. Saving...
[15140] 05 May 02:27:31.046 * Background saving started by pid 15553
[15553] 05 May 02:27:31.049 * DB saved on disk
[15553] 05 May 02:27:31.049 * RDB: 0 MB of memory used by copy-on-write
[15140] 05 May 02:27:31.146 * Background saving terminated with success
[15140] 05 May 03:27:32.074 * 1 changes in 3600 seconds. Saving...
[15140] 05 May 03:27:32.074 * Background saving started by pid 15735
[15735] 05 May 03:27:32.077 * DB saved on disk
[15735] 05 May 03:27:32.077 * RDB: 0 MB of memory used by copy-on-write
[15140] 05 May 03:27:32.175 * Background saving terminated with success
